2025-09-24T03:30:17.355-05:00  INFO 5072 --- [lumen-api] [restartedMain] c.librerialumen.api.LumenApiApplication  : Starting LumenApiApplication using Java 21.0.8 with PID 5072 (D:\Descargas\lumen-api\lumen-api\target\classes started by eduar in D:\Descargas\lumen-api\lumen-api)
2025-09-24T03:30:17.359-05:00 DEBUG 5072 --- [lumen-api] [restartedMain] c.librerialumen.api.LumenApiApplication  : Running with Spring Boot v3.5.6, Spring v6.2.11
2025-09-24T03:30:17.361-05:00  INFO 5072 --- [lumen-api] [restartedMain] c.librerialumen.api.LumenApiApplication  : No active profile set, falling back to 1 default profile: "default"
2025-09-24T03:30:17.440-05:00  INFO 5072 --- [lumen-api] [restartedMain] .e.DevToolsPropertyDefaultsPostProcessor : Devtools property defaults active! Set 'spring.devtools.add-properties' to 'false' to disable
2025-09-24T03:30:17.441-05:00  INFO 5072 --- [lumen-api] [restartedMain] .e.DevToolsPropertyDefaultsPostProcessor : For additional web related logging consider setting the 'logging.level.web' property to 'DEBUG'
2025-09-24T03:30:19.441-05:00  INFO 5072 --- [lumen-api] [restartedMain] .s.d.r.c.RepositoryConfigurationDelegate : Bootstrapping Spring Data JPA repositories in DEFAULT mode.
2025-09-24T03:30:19.755-05:00  INFO 5072 --- [lumen-api] [restartedMain] .s.d.r.c.RepositoryConfigurationDelegate : Finished Spring Data repository scanning in 299 ms. Found 10 JPA repository interfaces.
2025-09-24T03:30:20.749-05:00  INFO 5072 --- [lumen-api] [restartedMain] o.s.b.w.embedded.tomcat.TomcatWebServer  : Tomcat initialized with port 8099 (http)
2025-09-24T03:30:20.771-05:00  INFO 5072 --- [lumen-api] [restartedMain] o.apache.catalina.core.StandardService   : Starting service [Tomcat]
2025-09-24T03:30:20.771-05:00  INFO 5072 --- [lumen-api] [restartedMain] o.apache.catalina.core.StandardEngine    : Starting Servlet engine: [Apache Tomcat/10.1.46]
2025-09-24T03:30:20.890-05:00  INFO 5072 --- [lumen-api] [restartedMain] o.a.c.c.C.[Tomcat].[localhost].[/]       : Initializing Spring embedded WebApplicationContext
2025-09-24T03:30:20.891-05:00  INFO 5072 --- [lumen-api] [restartedMain] w.s.c.ServletWebServerApplicationContext : Root WebApplicationContext: initialization completed in 3449 ms
2025-09-24T03:30:21.351-05:00  INFO 5072 --- [lumen-api] [restartedMain] o.hibernate.jpa.internal.util.LogHelper  : HHH000204: Processing PersistenceUnitInfo [name: default]
2025-09-24T03:30:21.540-05:00  INFO 5072 --- [lumen-api] [restartedMain] org.hibernate.Version                    : HHH000412: Hibernate ORM core version 6.6.29.Final
2025-09-24T03:30:21.624-05:00  INFO 5072 --- [lumen-api] [restartedMain] o.h.c.internal.RegionFactoryInitiator    : HHH000026: Second-level cache disabled
2025-09-24T03:30:22.386-05:00  INFO 5072 --- [lumen-api] [restartedMain] o.s.o.j.p.SpringPersistenceUnitInfo      : No LoadTimeWeaver setup: ignoring JPA class transformer
2025-09-24T03:30:22.475-05:00  INFO 5072 --- [lumen-api] [restartedMain] com.zaxxer.hikari.HikariDataSource       : HikariPool-1 - Starting...
2025-09-24T03:30:22.778-05:00  INFO 5072 --- [lumen-api] [restartedMain] com.zaxxer.hikari.pool.HikariPool        : HikariPool-1 - Added connection com.mysql.cj.jdbc.ConnectionImpl@15db9ae6
2025-09-24T03:30:22.782-05:00  INFO 5072 --- [lumen-api] [restartedMain] com.zaxxer.hikari.HikariDataSource       : HikariPool-1 - Start completed.
2025-09-24T03:30:22.855-05:00  WARN 5072 --- [lumen-api] [restartedMain] org.hibernate.dialect.Dialect            : HHH000511: The 5.5.5 version for [org.hibernate.dialect.MySQLDialect] is no longer supported, hence certain features may not work properly. The minimum supported version is 8.0.0. Check the community dialects project for available legacy versions.
2025-09-24T03:30:22.861-05:00  WARN 5072 --- [lumen-api] [restartedMain] org.hibernate.orm.deprecation            : HHH90000025: MySQLDialect does not need to be specified explicitly using 'hibernate.dialect' (remove the property setting and it will be selected by default)
2025-09-24T03:30:22.899-05:00  INFO 5072 --- [lumen-api] [restartedMain] org.hibernate.orm.connections.pooling    : HHH10001005: Database info:
	Database JDBC URL [Connecting through datasource 'HikariDataSource (HikariPool-1)']
	Database driver: undefined/unknown
	Database version: 5.5.5
	Autocommit mode: undefined/unknown
	Isolation level: undefined/unknown
	Minimum pool size: undefined/unknown
	Maximum pool size: undefined/unknown
2025-09-24T03:30:24.832-05:00  INFO 5072 --- [lumen-api] [restartedMain] o.h.e.t.j.p.i.JtaPlatformInitiator       : HHH000489: No JTA platform available (set 'hibernate.transaction.jta.platform' to enable JTA platform integration)
2025-09-24T03:30:25.241-05:00  INFO 5072 --- [lumen-api] [restartedMain] j.LocalContainerEntityManagerFactoryBean : Initialized JPA EntityManagerFactory for persistence unit 'default'
2025-09-24T03:30:25.774-05:00 DEBUG 5072 --- [lumen-api] [restartedMain] c.l.a.security.JwtAuthenticationFilter   : Filter 'jwtAuthenticationFilter' configured for use
2025-09-24T03:30:25.941-05:00  INFO 5072 --- [lumen-api] [restartedMain] o.s.d.j.r.query.QueryEnhancerFactory     : Hibernate is in classpath; If applicable, HQL parser will be used.
2025-09-24T03:30:28.050-05:00  INFO 5072 --- [lumen-api] [restartedMain] eAuthenticationProviderManagerConfigurer : Global AuthenticationManager configured with AuthenticationProvider bean with name daoAuthenticationProvider
2025-09-24T03:30:28.051-05:00  WARN 5072 --- [lumen-api] [restartedMain] r$InitializeUserDetailsManagerConfigurer : Global AuthenticationManager configured with an AuthenticationProvider bean. UserDetailsService beans will not be used by Spring Security for automatically configuring username/password login. Consider removing the AuthenticationProvider bean. Alternatively, consider using the UserDetailsService in a manually instantiated DaoAuthenticationProvider. If the current configuration is intentional, to turn off this warning, increase the logging level of 'org.springframework.security.config.annotation.authentication.configuration.InitializeUserDetailsBeanManagerConfigurer' to ERROR
2025-09-24T03:30:28.838-05:00  INFO 5072 --- [lumen-api] [restartedMain] o.s.b.a.e.web.EndpointLinksResolver      : Exposing 2 endpoints beneath base path '/actuator'
2025-09-24T03:30:28.980-05:00 DEBUG 5072 --- [lumen-api] [restartedMain] o.s.s.web.DefaultSecurityFilterChain     : Will secure any request with filters: DisableEncodeUrlFilter, WebAsyncManagerIntegrationFilter, SecurityContextHolderFilter, HeaderWriterFilter, LogoutFilter, JwtAuthenticationFilter, RequestCacheAwareFilter, SecurityContextHolderAwareRequestFilter, AnonymousAuthenticationFilter, SessionManagementFilter, ExceptionTranslationFilter, AuthorizationFilter
2025-09-24T03:30:29.798-05:00  WARN 5072 --- [lumen-api] [restartedMain] o.s.s.c.a.web.builders.WebSecurity       : You are asking Spring Security to ignore Deferred [Mvc [pattern='/v3/api-docs'], Ant [pattern='/v3/api-docs']]. This is not recommended -- please use permitAll via HttpSecurity#authorizeHttpRequests instead.
2025-09-24T03:30:29.798-05:00 DEBUG 5072 --- [lumen-api] [restartedMain] o.s.s.web.DefaultSecurityFilterChain     : Will not secure Deferred [Mvc [pattern='/v3/api-docs'], Ant [pattern='/v3/api-docs']]
2025-09-24T03:30:29.800-05:00  WARN 5072 --- [lumen-api] [restartedMain] o.s.s.c.a.web.builders.WebSecurity       : You are asking Spring Security to ignore Deferred [Mvc [pattern='/v3/api-docs/**'], Ant [pattern='/v3/api-docs/**']]. This is not recommended -- please use permitAll via HttpSecurity#authorizeHttpRequests instead.
2025-09-24T03:30:29.800-05:00 DEBUG 5072 --- [lumen-api] [restartedMain] o.s.s.web.DefaultSecurityFilterChain     : Will not secure Deferred [Mvc [pattern='/v3/api-docs/**'], Ant [pattern='/v3/api-docs/**']]
2025-09-24T03:30:29.800-05:00  WARN 5072 --- [lumen-api] [restartedMain] o.s.s.c.a.web.builders.WebSecurity       : You are asking Spring Security to ignore Deferred [Mvc [pattern='/v3/api-docs.yaml'], Ant [pattern='/v3/api-docs.yaml']]. This is not recommended -- please use permitAll via HttpSecurity#authorizeHttpRequests instead.
2025-09-24T03:30:29.801-05:00 DEBUG 5072 --- [lumen-api] [restartedMain] o.s.s.web.DefaultSecurityFilterChain     : Will not secure Deferred [Mvc [pattern='/v3/api-docs.yaml'], Ant [pattern='/v3/api-docs.yaml']]
2025-09-24T03:30:29.802-05:00  WARN 5072 --- [lumen-api] [restartedMain] o.s.s.c.a.web.builders.WebSecurity       : You are asking Spring Security to ignore Deferred [Mvc [pattern='/swagger-ui'], Ant [pattern='/swagger-ui']]. This is not recommended -- please use permitAll via HttpSecurity#authorizeHttpRequests instead.
2025-09-24T03:30:29.802-05:00 DEBUG 5072 --- [lumen-api] [restartedMain] o.s.s.web.DefaultSecurityFilterChain     : Will not secure Deferred [Mvc [pattern='/swagger-ui'], Ant [pattern='/swagger-ui']]
2025-09-24T03:30:29.802-05:00  WARN 5072 --- [lumen-api] [restartedMain] o.s.s.c.a.web.builders.WebSecurity       : You are asking Spring Security to ignore Deferred [Mvc [pattern='/swagger-ui/**'], Ant [pattern='/swagger-ui/**']]. This is not recommended -- please use permitAll via HttpSecurity#authorizeHttpRequests instead.
2025-09-24T03:30:29.802-05:00 DEBUG 5072 --- [lumen-api] [restartedMain] o.s.s.web.DefaultSecurityFilterChain     : Will not secure Deferred [Mvc [pattern='/swagger-ui/**'], Ant [pattern='/swagger-ui/**']]
2025-09-24T03:30:29.803-05:00  WARN 5072 --- [lumen-api] [restartedMain] o.s.s.c.a.web.builders.WebSecurity       : You are asking Spring Security to ignore Deferred [Mvc [pattern='/swagger-ui.html'], Ant [pattern='/swagger-ui.html']]. This is not recommended -- please use permitAll via HttpSecurity#authorizeHttpRequests instead.
2025-09-24T03:30:29.803-05:00 DEBUG 5072 --- [lumen-api] [restartedMain] o.s.s.web.DefaultSecurityFilterChain     : Will not secure Deferred [Mvc [pattern='/swagger-ui.html'], Ant [pattern='/swagger-ui.html']]
2025-09-24T03:30:29.804-05:00  WARN 5072 --- [lumen-api] [restartedMain] o.s.s.c.a.web.builders.WebSecurity       : You are asking Spring Security to ignore Deferred [Mvc [pattern='/swagger-ui.html/**'], Ant [pattern='/swagger-ui.html/**']]. This is not recommended -- please use permitAll via HttpSecurity#authorizeHttpRequests instead.
2025-09-24T03:30:29.806-05:00 DEBUG 5072 --- [lumen-api] [restartedMain] o.s.s.web.DefaultSecurityFilterChain     : Will not secure Deferred [Mvc [pattern='/swagger-ui.html/**'], Ant [pattern='/swagger-ui.html/**']]
2025-09-24T03:30:29.806-05:00  WARN 5072 --- [lumen-api] [restartedMain] o.s.s.c.a.web.builders.WebSecurity       : You are asking Spring Security to ignore Deferred [Mvc [pattern='/swagger-ui/index.html'], Ant [pattern='/swagger-ui/index.html']]. This is not recommended -- please use permitAll via HttpSecurity#authorizeHttpRequests instead.
2025-09-24T03:30:29.807-05:00 DEBUG 5072 --- [lumen-api] [restartedMain] o.s.s.web.DefaultSecurityFilterChain     : Will not secure Deferred [Mvc [pattern='/swagger-ui/index.html'], Ant [pattern='/swagger-ui/index.html']]
2025-09-24T03:30:29.807-05:00  WARN 5072 --- [lumen-api] [restartedMain] o.s.s.c.a.web.builders.WebSecurity       : You are asking Spring Security to ignore Deferred [Mvc [pattern='/swagger-ui/index.html/**'], Ant [pattern='/swagger-ui/index.html/**']]. This is not recommended -- please use permitAll via HttpSecurity#authorizeHttpRequests instead.
2025-09-24T03:30:29.809-05:00 DEBUG 5072 --- [lumen-api] [restartedMain] o.s.s.web.DefaultSecurityFilterChain     : Will not secure Deferred [Mvc [pattern='/swagger-ui/index.html/**'], Ant [pattern='/swagger-ui/index.html/**']]
2025-09-24T03:30:29.809-05:00  WARN 5072 --- [lumen-api] [restartedMain] o.s.s.c.a.web.builders.WebSecurity       : You are asking Spring Security to ignore Deferred [Mvc [pattern='/doc'], Ant [pattern='/doc']]. This is not recommended -- please use permitAll via HttpSecurity#authorizeHttpRequests instead.
2025-09-24T03:30:29.811-05:00 DEBUG 5072 --- [lumen-api] [restartedMain] o.s.s.web.DefaultSecurityFilterChain     : Will not secure Deferred [Mvc [pattern='/doc'], Ant [pattern='/doc']]
2025-09-24T03:30:29.812-05:00  WARN 5072 --- [lumen-api] [restartedMain] o.s.s.c.a.web.builders.WebSecurity       : You are asking Spring Security to ignore Deferred [Mvc [pattern='/doc/**'], Ant [pattern='/doc/**']]. This is not recommended -- please use permitAll via HttpSecurity#authorizeHttpRequests instead.
2025-09-24T03:30:29.813-05:00 DEBUG 5072 --- [lumen-api] [restartedMain] o.s.s.web.DefaultSecurityFilterChain     : Will not secure Deferred [Mvc [pattern='/doc/**'], Ant [pattern='/doc/**']]
2025-09-24T03:30:29.814-05:00  WARN 5072 --- [lumen-api] [restartedMain] o.s.s.c.a.web.builders.WebSecurity       : You are asking Spring Security to ignore Deferred [Mvc [pattern='/webjars'], Ant [pattern='/webjars']]. This is not recommended -- please use permitAll via HttpSecurity#authorizeHttpRequests instead.
2025-09-24T03:30:29.814-05:00 DEBUG 5072 --- [lumen-api] [restartedMain] o.s.s.web.DefaultSecurityFilterChain     : Will not secure Deferred [Mvc [pattern='/webjars'], Ant [pattern='/webjars']]
2025-09-24T03:30:29.815-05:00  WARN 5072 --- [lumen-api] [restartedMain] o.s.s.c.a.web.builders.WebSecurity       : You are asking Spring Security to ignore Deferred [Mvc [pattern='/webjars/**'], Ant [pattern='/webjars/**']]. This is not recommended -- please use permitAll via HttpSecurity#authorizeHttpRequests instead.
2025-09-24T03:30:29.817-05:00 DEBUG 5072 --- [lumen-api] [restartedMain] o.s.s.web.DefaultSecurityFilterChain     : Will not secure Deferred [Mvc [pattern='/webjars/**'], Ant [pattern='/webjars/**']]
2025-09-24T03:30:30.211-05:00  INFO 5072 --- [lumen-api] [restartedMain] o.s.b.d.a.OptionalLiveReloadServer       : LiveReload server is running on port 35729
2025-09-24T03:30:30.311-05:00  INFO 5072 --- [lumen-api] [restartedMain] o.s.b.w.embedded.tomcat.TomcatWebServer  : Tomcat started on port 8099 (http) with context path '/'
2025-09-24T03:30:30.336-05:00  INFO 5072 --- [lumen-api] [restartedMain] c.librerialumen.api.LumenApiApplication  : Started LumenApiApplication in 13.711 seconds (process running for 14.396)
2025-09-24T03:31:28.366-05:00  INFO 5072 --- [lumen-api] [http-nio-8099-exec-1] o.a.c.c.C.[Tomcat].[localhost].[/]       : Initializing Spring DispatcherServlet 'dispatcherServlet'
2025-09-24T03:31:28.369-05:00  INFO 5072 --- [lumen-api] [http-nio-8099-exec-1] o.s.web.servlet.DispatcherServlet        : Initializing Servlet 'dispatcherServlet'
2025-09-24T03:31:28.374-05:00  INFO 5072 --- [lumen-api] [http-nio-8099-exec-1] o.s.web.servlet.DispatcherServlet        : Completed initialization in 4 ms
2025-09-24T03:31:28.460-05:00 DEBUG 5072 --- [lumen-api] [http-nio-8099-exec-1] o.s.security.web.FilterChainProxy        : Securing GET /.well-known/appspecific/com.chrome.devtools.json
2025-09-24T03:31:28.468-05:00 DEBUG 5072 --- [lumen-api] [http-nio-8099-exec-2] c.l.a.security.JwtAuthenticationFilter   : Skipping JWT filter for public path: /swagger-ui/swagger-initializer.js
2025-09-24T03:31:28.493-05:00 DEBUG 5072 --- [lumen-api] [http-nio-8099-exec-1] c.l.a.security.JwtAuthenticationFilter   : No Bearer token for GET /.well-known/appspecific/com.chrome.devtools.json
2025-09-24T03:31:28.502-05:00 DEBUG 5072 --- [lumen-api] [http-nio-8099-exec-1] o.s.s.w.a.AnonymousAuthenticationFilter  : Set SecurityContextHolder to anonymous SecurityContext
2025-09-24T03:31:29.558-05:00 DEBUG 5072 --- [lumen-api] [http-nio-8099-exec-3] c.l.a.security.JwtAuthenticationFilter   : Skipping JWT filter for public path: /v3/api-docs/swagger-config
2025-09-24T03:31:29.700-05:00 DEBUG 5072 --- [lumen-api] [http-nio-8099-exec-4] c.l.a.security.JwtAuthenticationFilter   : Skipping JWT filter for public path: /v3/api-docs
2025-09-24T03:31:30.033-05:00 ERROR 5072 --- [lumen-api] [http-nio-8099-exec-4] o.a.c.c.C.[.[.[/].[dispatcherServlet]    : Servlet.service() for servlet [dispatcherServlet] in context with path [] threw exception [Handler dispatch failed: java.lang.NoSuchMethodError: 'void org.springframework.web.method.ControllerAdviceBean.<init>(java.lang.Object)'] with root cause

java.lang.NoSuchMethodError: 'void org.springframework.web.method.ControllerAdviceBean.<init>(java.lang.Object)'
	at org.springdoc.core.service.GenericResponseService.lambda$getGenericMapResponse$8(GenericResponseService.java:706) ~[springdoc-openapi-starter-common-2.6.0.jar:2.6.0]
	at java.base/java.util.stream.ReferencePipeline$2$1.accept(ReferencePipeline.java:178) ~[na:na]
	at java.base/java.util.Spliterators$ArraySpliterator.forEachRemaining(Spliterators.java:1024) ~[na:na]
	at java.base/java.util.stream.AbstractPipeline.copyInto(AbstractPipeline.java:509) ~[na:na]
	at java.base/java.util.stream.AbstractPipeline.wrapAndCopyInto(AbstractPipeline.java:499) ~[na:na]
	at java.base/java.util.stream.AbstractPipeline.evaluate(AbstractPipeline.java:575) ~[na:na]
	at java.base/java.util.stream.AbstractPipeline.evaluateToArrayNode(AbstractPipeline.java:260) ~[na:na]
	at java.base/java.util.stream.ReferencePipeline.toArray(ReferencePipeline.java:616) ~[na:na]
	at java.base/java.util.stream.ReferencePipeline.toArray(ReferencePipeline.java:622) ~[na:na]
	at java.base/java.util.stream.ReferencePipeline.toList(ReferencePipeline.java:627) ~[na:na]
	at org.springdoc.core.service.GenericResponseService.getGenericMapResponse(GenericResponseService.java:708) ~[springdoc-openapi-starter-common-2.6.0.jar:2.6.0]
	at org.springdoc.core.service.GenericResponseService.build(GenericResponseService.java:247) ~[springdoc-openapi-starter-common-2.6.0.jar:2.6.0]
	at org.springdoc.api.AbstractOpenApiResource.calculatePath(AbstractOpenApiResource.java:499) ~[springdoc-openapi-starter-common-2.6.0.jar:2.6.0]
	at org.springdoc.api.AbstractOpenApiResource.calculatePath(AbstractOpenApiResource.java:676) ~[springdoc-openapi-starter-common-2.6.0.jar:2.6.0]
	at org.springdoc.webmvc.api.OpenApiResource.lambda$calculatePath$11(OpenApiResource.java:220) ~[springdoc-openapi-starter-webmvc-api-2.6.0.jar:2.6.0]
	at java.base/java.util.Optional.ifPresent(Optional.java:178) ~[na:na]
	at org.springdoc.webmvc.api.OpenApiResource.calculatePath(OpenApiResource.java:201) ~[springdoc-openapi-starter-webmvc-api-2.6.0.jar:2.6.0]
	at org.springdoc.webmvc.api.OpenApiResource.lambda$getPaths$2(OpenApiResource.java:171) ~[springdoc-openapi-starter-webmvc-api-2.6.0.jar:2.6.0]
	at java.base/java.util.Optional.ifPresent(Optional.java:178) ~[na:na]
	at org.springdoc.webmvc.api.OpenApiResource.getPaths(OpenApiResource.java:150) ~[springdoc-openapi-starter-webmvc-api-2.6.0.jar:2.6.0]
	at org.springdoc.api.AbstractOpenApiResource.getOpenApi(AbstractOpenApiResource.java:353) ~[springdoc-openapi-starter-common-2.6.0.jar:2.6.0]
	at org.springdoc.webmvc.api.OpenApiResource.openapiJson(OpenApiResource.java:125) ~[springdoc-openapi-starter-webmvc-api-2.6.0.jar:2.6.0]
	at org.springdoc.webmvc.api.OpenApiWebMvcResource.openapiJson(OpenApiWebMvcResource.java:114) ~[springdoc-openapi-starter-webmvc-api-2.6.0.jar:2.6.0]
	at java.base/jdk.internal.reflect.DirectMethodHandleAccessor.invoke(DirectMethodHandleAccessor.java:103) ~[na:na]
	at java.base/java.lang.reflect.Method.invoke(Method.java:580) ~[na:na]
	at org.springframework.web.method.support.InvocableHandlerMethod.doInvoke(InvocableHandlerMethod.java:258) ~[spring-web-6.2.11.jar:6.2.11]
	at org.springframework.web.method.support.InvocableHandlerMethod.invokeForRequest(InvocableHandlerMethod.java:191) ~[spring-web-6.2.11.jar:6.2.11]
	at org.springframework.web.servlet.mvc.method.annotation.ServletInvocableHandlerMethod.invokeAndHandle(ServletInvocableHandlerMethod.java:118) ~[spring-webmvc-6.2.11.jar:6.2.11]
	at org.springframework.web.servlet.mvc.method.annotation.RequestMappingHandlerAdapter.invokeHandlerMethod(RequestMappingHandlerAdapter.java:991) ~[spring-webmvc-6.2.11.jar:6.2.11]
	at org.springframework.web.servlet.mvc.method.annotation.RequestMappingHandlerAdapter.handleInternal(RequestMappingHandlerAdapter.java:896) ~[spring-webmvc-6.2.11.jar:6.2.11]
	at org.springframework.web.servlet.mvc.method.AbstractHandlerMethodAdapter.handle(AbstractHandlerMethodAdapter.java:87) ~[spring-webmvc-6.2.11.jar:6.2.11]
	at org.springframework.web.servlet.DispatcherServlet.doDispatch(DispatcherServlet.java:1089) ~[spring-webmvc-6.2.11.jar:6.2.11]
	at org.springframework.web.servlet.DispatcherServlet.doService(DispatcherServlet.java:979) ~[spring-webmvc-6.2.11.jar:6.2.11]
	at org.springframework.web.servlet.FrameworkServlet.processRequest(FrameworkServlet.java:1014) ~[spring-webmvc-6.2.11.jar:6.2.11]
	at org.springframework.web.servlet.FrameworkServlet.doGet(FrameworkServlet.java:903) ~[spring-webmvc-6.2.11.jar:6.2.11]
	at jakarta.servlet.http.HttpServlet.service(HttpServlet.java:564) ~[tomcat-embed-core-10.1.46.jar:6.0]
	at org.springframework.web.servlet.FrameworkServlet.service(FrameworkServlet.java:885) ~[spring-webmvc-6.2.11.jar:6.2.11]
	at jakarta.servlet.http.HttpServlet.service(HttpServlet.java:658) ~[tomcat-embed-core-10.1.46.jar:6.0]
	at org.apache.catalina.core.ApplicationFilterChain.internalDoFilter(ApplicationFilterChain.java:195) ~[tomcat-embed-core-10.1.46.jar:10.1.46]
	at org.apache.catalina.core.ApplicationFilterChain.doFilter(ApplicationFilterChain.java:140) ~[tomcat-embed-core-10.1.46.jar:10.1.46]
	at org.apache.tomcat.websocket.server.WsFilter.doFilter(WsFilter.java:51) ~[tomcat-embed-websocket-10.1.46.jar:10.1.46]
	at org.apache.catalina.core.ApplicationFilterChain.internalDoFilter(ApplicationFilterChain.java:164) ~[tomcat-embed-core-10.1.46.jar:10.1.46]
	at org.apache.catalina.core.ApplicationFilterChain.doFilter(ApplicationFilterChain.java:140) ~[tomcat-embed-core-10.1.46.jar:10.1.46]
	at org.springframework.web.filter.OncePerRequestFilter.doFilter(OncePerRequestFilter.java:101) ~[spring-web-6.2.11.jar:6.2.11]
	at org.apache.catalina.core.ApplicationFilterChain.internalDoFilter(ApplicationFilterChain.java:164) ~[tomcat-embed-core-10.1.46.jar:10.1.46]
	at org.apache.catalina.core.ApplicationFilterChain.doFilter(ApplicationFilterChain.java:140) ~[tomcat-embed-core-10.1.46.jar:10.1.46]
	at org.springframework.web.filter.CompositeFilter$VirtualFilterChain.doFilter(CompositeFilter.java:108) ~[spring-web-6.2.11.jar:6.2.11]
	at org.springframework.web.filter.CompositeFilter$VirtualFilterChain.doFilter(CompositeFilter.java:108) ~[spring-web-6.2.11.jar:6.2.11]
	at org.springframework.security.web.ObservationFilterChainDecorator$FilterObservation$SimpleFilterObservation.lambda$wrap$1(ObservationFilterChainDecorator.java:490) ~[spring-security-web-6.5.5.jar:6.5.5]
	at org.springframework.security.web.ObservationFilterChainDecorator.lambda$wrapUnsecured$1(ObservationFilterChainDecorator.java:91) ~[spring-security-web-6.5.5.jar:6.5.5]
	at org.springframework.security.web.FilterChainProxy.doFilterInternal(FilterChainProxy.java:219) ~[spring-security-web-6.5.5.jar:6.5.5]
	at org.springframework.security.web.FilterChainProxy.doFilter(FilterChainProxy.java:191) ~[spring-security-web-6.5.5.jar:6.5.5]
	at org.springframework.web.filter.CompositeFilter$VirtualFilterChain.doFilter(CompositeFilter.java:113) ~[spring-web-6.2.11.jar:6.2.11]
	at org.springframework.web.filter.ServletRequestPathFilter.doFilter(ServletRequestPathFilter.java:52) ~[spring-web-6.2.11.jar:6.2.11]
	at org.springframework.web.filter.CompositeFilter$VirtualFilterChain.doFilter(CompositeFilter.java:113) ~[spring-web-6.2.11.jar:6.2.11]
	at org.springframework.web.filter.CompositeFilter.doFilter(CompositeFilter.java:74) ~[spring-web-6.2.11.jar:6.2.11]
	at org.springframework.security.config.annotation.web.configuration.WebSecurityConfiguration$CompositeFilterChainProxy.doFilter(WebSecurityConfiguration.java:319) ~[spring-security-config-6.5.5.jar:6.5.5]
	at org.springframework.web.filter.CompositeFilter$VirtualFilterChain.doFilter(CompositeFilter.java:113) ~[spring-web-6.2.11.jar:6.2.11]
	at org.springframework.web.servlet.handler.HandlerMappingIntrospector.lambda$createCacheFilter$4(HandlerMappingIntrospector.java:267) ~[spring-webmvc-6.2.11.jar:6.2.11]
	at org.springframework.web.filter.CompositeFilter$VirtualFilterChain.doFilter(CompositeFilter.java:113) ~[spring-web-6.2.11.jar:6.2.11]
	at org.springframework.web.filter.CompositeFilter.doFilter(CompositeFilter.java:74) ~[spring-web-6.2.11.jar:6.2.11]
	at org.springframework.security.config.annotation.web.configuration.WebMvcSecurityConfiguration$CompositeFilterChainProxy.doFilter(WebMvcSecurityConfiguration.java:240) ~[spring-security-config-6.5.5.jar:6.5.5]
	at org.springframework.web.filter.DelegatingFilterProxy.invokeDelegate(DelegatingFilterProxy.java:362) ~[spring-web-6.2.11.jar:6.2.11]
	at org.springframework.web.filter.DelegatingFilterProxy.doFilter(DelegatingFilterProxy.java:278) ~[spring-web-6.2.11.jar:6.2.11]
	at org.apache.catalina.core.ApplicationFilterChain.internalDoFilter(ApplicationFilterChain.java:164) ~[tomcat-embed-core-10.1.46.jar:10.1.46]
	at org.apache.catalina.core.ApplicationFilterChain.doFilter(ApplicationFilterChain.java:140) ~[tomcat-embed-core-10.1.46.jar:10.1.46]
	at org.springframework.web.filter.RequestContextFilter.doFilterInternal(RequestContextFilter.java:100) ~[spring-web-6.2.11.jar:6.2.11]
	at org.springframework.web.filter.OncePerRequestFilter.doFilter(OncePerRequestFilter.java:116) ~[spring-web-6.2.11.jar:6.2.11]
	at org.apache.catalina.core.ApplicationFilterChain.internalDoFilter(ApplicationFilterChain.java:164) ~[tomcat-embed-core-10.1.46.jar:10.1.46]
	at org.apache.catalina.core.ApplicationFilterChain.doFilter(ApplicationFilterChain.java:140) ~[tomcat-embed-core-10.1.46.jar:10.1.46]
	at org.springframework.web.filter.FormContentFilter.doFilterInternal(FormContentFilter.java:93) ~[spring-web-6.2.11.jar:6.2.11]
	at org.springframework.web.filter.OncePerRequestFilter.doFilter(OncePerRequestFilter.java:116) ~[spring-web-6.2.11.jar:6.2.11]
	at org.apache.catalina.core.ApplicationFilterChain.internalDoFilter(ApplicationFilterChain.java:164) ~[tomcat-embed-core-10.1.46.jar:10.1.46]
	at org.apache.catalina.core.ApplicationFilterChain.doFilter(ApplicationFilterChain.java:140) ~[tomcat-embed-core-10.1.46.jar:10.1.46]
	at org.springframework.web.filter.ServerHttpObservationFilter.doFilterInternal(ServerHttpObservationFilter.java:110) ~[spring-web-6.2.11.jar:6.2.11]
	at org.springframework.web.filter.OncePerRequestFilter.doFilter(OncePerRequestFilter.java:116) ~[spring-web-6.2.11.jar:6.2.11]
	at org.apache.catalina.core.ApplicationFilterChain.internalDoFilter(ApplicationFilterChain.java:164) ~[tomcat-embed-core-10.1.46.jar:10.1.46]
	at org.apache.catalina.core.ApplicationFilterChain.doFilter(ApplicationFilterChain.java:140) ~[tomcat-embed-core-10.1.46.jar:10.1.46]
	at org.springframework.web.filter.CharacterEncodingFilter.doFilterInternal(CharacterEncodingFilter.java:201) ~[spring-web-6.2.11.jar:6.2.11]
	at org.springframework.web.filter.OncePerRequestFilter.doFilter(OncePerRequestFilter.java:116) ~[spring-web-6.2.11.jar:6.2.11]
	at org.apache.catalina.core.ApplicationFilterChain.internalDoFilter(ApplicationFilterChain.java:164) ~[tomcat-embed-core-10.1.46.jar:10.1.46]
	at org.apache.catalina.core.ApplicationFilterChain.doFilter(ApplicationFilterChain.java:140) ~[tomcat-embed-core-10.1.46.jar:10.1.46]
	at org.apache.catalina.core.StandardWrapperValve.invoke(StandardWrapperValve.java:167) ~[tomcat-embed-core-10.1.46.jar:10.1.46]
	at org.apache.catalina.core.StandardContextValve.invoke(StandardContextValve.java:90) ~[tomcat-embed-core-10.1.46.jar:10.1.46]
	at org.apache.catalina.authenticator.AuthenticatorBase.invoke(AuthenticatorBase.java:483) ~[tomcat-embed-core-10.1.46.jar:10.1.46]
	at org.apache.catalina.core.StandardHostValve.invoke(StandardHostValve.java:116) ~[tomcat-embed-core-10.1.46.jar:10.1.46]
	at org.apache.catalina.valves.ErrorReportValve.invoke(ErrorReportValve.java:93) ~[tomcat-embed-core-10.1.46.jar:10.1.46]
	at org.apache.catalina.core.StandardEngineValve.invoke(StandardEngineValve.java:74) ~[tomcat-embed-core-10.1.46.jar:10.1.46]
	at org.apache.catalina.connector.CoyoteAdapter.service(CoyoteAdapter.java:344) ~[tomcat-embed-core-10.1.46.jar:10.1.46]
	at org.apache.coyote.http11.Http11Processor.service(Http11Processor.java:398) ~[tomcat-embed-core-10.1.46.jar:10.1.46]
	at org.apache.coyote.AbstractProcessorLight.process(AbstractProcessorLight.java:63) ~[tomcat-embed-core-10.1.46.jar:10.1.46]
	at org.apache.coyote.AbstractProtocol$ConnectionHandler.process(AbstractProtocol.java:903) ~[tomcat-embed-core-10.1.46.jar:10.1.46]
	at org.apache.tomcat.util.net.NioEndpoint$SocketProcessor.doRun(NioEndpoint.java:1776) ~[tomcat-embed-core-10.1.46.jar:10.1.46]
	at org.apache.tomcat.util.net.SocketProcessorBase.run(SocketProcessorBase.java:52) ~[tomcat-embed-core-10.1.46.jar:10.1.46]
	at org.apache.tomcat.util.threads.ThreadPoolExecutor.runWorker(ThreadPoolExecutor.java:975) ~[tomcat-embed-core-10.1.46.jar:10.1.46]
	at org.apache.tomcat.util.threads.ThreadPoolExecutor$Worker.run(ThreadPoolExecutor.java:493) ~[tomcat-embed-core-10.1.46.jar:10.1.46]
	at org.apache.tomcat.util.threads.TaskThread$WrappingRunnable.run(TaskThread.java:63) ~[tomcat-embed-core-10.1.46.jar:10.1.46]
	at java.base/java.lang.Thread.run(Thread.java:1583) ~[na:na]

2025-09-24T03:31:30.061-05:00 DEBUG 5072 --- [lumen-api] [http-nio-8099-exec-4] o.s.security.web.FilterChainProxy        : Securing GET /error
2025-09-24T03:31:30.063-05:00 DEBUG 5072 --- [lumen-api] [http-nio-8099-exec-4] o.s.s.w.a.AnonymousAuthenticationFilter  : Set SecurityContextHolder to anonymous SecurityContext
2025-09-24T03:33:14.909-05:00  INFO 5072 --- [lumen-api] [SpringApplicationShutdownHook] o.s.b.w.e.tomcat.GracefulShutdown        : Commencing graceful shutdown. Waiting for active requests to complete
2025-09-24T03:33:14.920-05:00  INFO 5072 --- [lumen-api] [tomcat-shutdown] o.s.b.w.e.tomcat.GracefulShutdown        : Graceful shutdown complete
2025-09-24T03:33:14.934-05:00  INFO 5072 --- [lumen-api] [SpringApplicationShutdownHook] j.LocalContainerEntityManagerFactoryBean : Closing JPA EntityManagerFactory for persistence unit 'default'
2025-09-24T03:33:14.939-05:00  INFO 5072 --- [lumen-api] [SpringApplicationShutdownHook] com.zaxxer.hikari.HikariDataSource       : HikariPool-1 - Shutdown initiated...
2025-09-24T03:33:14.953-05:00  INFO 5072 --- [lumen-api] [SpringApplicationShutdownHook] com.zaxxer.hikari.HikariDataSource       : HikariPool-1 - Shutdown completed.
2025-09-24T03:33:29.249-05:00  INFO 21132 --- [lumen-api] [restartedMain] c.librerialumen.api.LumenApiApplication  : Starting LumenApiApplication using Java 21.0.8 with PID 21132 (D:\Descargas\lumen-api\lumen-api\target\classes started by eduar in D:\Descargas\lumen-api\lumen-api)
2025-09-24T03:33:29.265-05:00 DEBUG 21132 --- [lumen-api] [restartedMain] c.librerialumen.api.LumenApiApplication  : Running with Spring Boot v3.5.6, Spring v6.2.11
2025-09-24T03:33:29.266-05:00  INFO 21132 --- [lumen-api] [restartedMain] c.librerialumen.api.LumenApiApplication  : No active profile set, falling back to 1 default profile: "default"
2025-09-24T03:33:29.342-05:00  INFO 21132 --- [lumen-api] [restartedMain] .e.DevToolsPropertyDefaultsPostProcessor : Devtools property defaults active! Set 'spring.devtools.add-properties' to 'false' to disable
2025-09-24T03:33:29.343-05:00  INFO 21132 --- [lumen-api] [restartedMain] .e.DevToolsPropertyDefaultsPostProcessor : For additional web related logging consider setting the 'logging.level.web' property to 'DEBUG'
2025-09-24T03:33:31.279-05:00  INFO 21132 --- [lumen-api] [restartedMain] .s.d.r.c.RepositoryConfigurationDelegate : Bootstrapping Spring Data JPA repositories in DEFAULT mode.
2025-09-24T03:33:31.564-05:00  INFO 21132 --- [lumen-api] [restartedMain] .s.d.r.c.RepositoryConfigurationDelegate : Finished Spring Data repository scanning in 271 ms. Found 10 JPA repository interfaces.
2025-09-24T03:33:32.520-05:00  INFO 21132 --- [lumen-api] [restartedMain] o.s.b.w.embedded.tomcat.TomcatWebServer  : Tomcat initialized with port 8099 (http)
2025-09-24T03:33:32.546-05:00  INFO 21132 --- [lumen-api] [restartedMain] o.apache.catalina.core.StandardService   : Starting service [Tomcat]
2025-09-24T03:33:32.547-05:00  INFO 21132 --- [lumen-api] [restartedMain] o.apache.catalina.core.StandardEngine    : Starting Servlet engine: [Apache Tomcat/10.1.46]
2025-09-24T03:33:32.698-05:00  INFO 21132 --- [lumen-api] [restartedMain] o.a.c.c.C.[Tomcat].[localhost].[/]       : Initializing Spring embedded WebApplicationContext
2025-09-24T03:33:32.700-05:00  INFO 21132 --- [lumen-api] [restartedMain] w.s.c.ServletWebServerApplicationContext : Root WebApplicationContext: initialization completed in 3357 ms
2025-09-24T03:33:33.144-05:00  INFO 21132 --- [lumen-api] [restartedMain] o.hibernate.jpa.internal.util.LogHelper  : HHH000204: Processing PersistenceUnitInfo [name: default]
2025-09-24T03:33:33.236-05:00  INFO 21132 --- [lumen-api] [restartedMain] org.hibernate.Version                    : HHH000412: Hibernate ORM core version 6.6.29.Final
2025-09-24T03:33:33.291-05:00  INFO 21132 --- [lumen-api] [restartedMain] o.h.c.internal.RegionFactoryInitiator    : HHH000026: Second-level cache disabled
2025-09-24T03:33:33.693-05:00  INFO 21132 --- [lumen-api] [restartedMain] o.s.o.j.p.SpringPersistenceUnitInfo      : No LoadTimeWeaver setup: ignoring JPA class transformer
2025-09-24T03:33:33.743-05:00  INFO 21132 --- [lumen-api] [restartedMain] com.zaxxer.hikari.HikariDataSource       : HikariPool-1 - Starting...
2025-09-24T03:33:33.976-05:00  INFO 21132 --- [lumen-api] [restartedMain] com.zaxxer.hikari.pool.HikariPool        : HikariPool-1 - Added connection com.mysql.cj.jdbc.ConnectionImpl@62fdbfe9
2025-09-24T03:33:33.980-05:00  INFO 21132 --- [lumen-api] [restartedMain] com.zaxxer.hikari.HikariDataSource       : HikariPool-1 - Start completed.
2025-09-24T03:33:34.044-05:00  WARN 21132 --- [lumen-api] [restartedMain] org.hibernate.dialect.Dialect            : HHH000511: The 5.5.5 version for [org.hibernate.dialect.MySQLDialect] is no longer supported, hence certain features may not work properly. The minimum supported version is 8.0.0. Check the community dialects project for available legacy versions.
2025-09-24T03:33:34.050-05:00  WARN 21132 --- [lumen-api] [restartedMain] org.hibernate.orm.deprecation            : HHH90000025: MySQLDialect does not need to be specified explicitly using 'hibernate.dialect' (remove the property setting and it will be selected by default)
2025-09-24T03:33:34.082-05:00  INFO 21132 --- [lumen-api] [restartedMain] org.hibernate.orm.connections.pooling    : HHH10001005: Database info:
	Database JDBC URL [Connecting through datasource 'HikariDataSource (HikariPool-1)']
	Database driver: undefined/unknown
	Database version: 5.5.5
	Autocommit mode: undefined/unknown
	Isolation level: undefined/unknown
	Minimum pool size: undefined/unknown
	Maximum pool size: undefined/unknown
2025-09-24T03:33:36.051-05:00  INFO 21132 --- [lumen-api] [restartedMain] o.h.e.t.j.p.i.JtaPlatformInitiator       : HHH000489: No JTA platform available (set 'hibernate.transaction.jta.platform' to enable JTA platform integration)
2025-09-24T03:33:36.289-05:00  INFO 21132 --- [lumen-api] [restartedMain] j.LocalContainerEntityManagerFactoryBean : Initialized JPA EntityManagerFactory for persistence unit 'default'
2025-09-24T03:33:36.743-05:00 DEBUG 21132 --- [lumen-api] [restartedMain] c.l.a.security.JwtAuthenticationFilter   : Filter 'jwtAuthenticationFilter' configured for use
2025-09-24T03:33:36.896-05:00  INFO 21132 --- [lumen-api] [restartedMain] o.s.d.j.r.query.QueryEnhancerFactory     : Hibernate is in classpath; If applicable, HQL parser will be used.
2025-09-24T03:33:38.777-05:00  INFO 21132 --- [lumen-api] [restartedMain] eAuthenticationProviderManagerConfigurer : Global AuthenticationManager configured with AuthenticationProvider bean with name daoAuthenticationProvider
2025-09-24T03:33:38.778-05:00  WARN 21132 --- [lumen-api] [restartedMain] r$InitializeUserDetailsManagerConfigurer : Global AuthenticationManager configured with an AuthenticationProvider bean. UserDetailsService beans will not be used by Spring Security for automatically configuring username/password login. Consider removing the AuthenticationProvider bean. Alternatively, consider using the UserDetailsService in a manually instantiated DaoAuthenticationProvider. If the current configuration is intentional, to turn off this warning, increase the logging level of 'org.springframework.security.config.annotation.authentication.configuration.InitializeUserDetailsBeanManagerConfigurer' to ERROR
2025-09-24T03:33:39.521-05:00  INFO 21132 --- [lumen-api] [restartedMain] o.s.b.a.e.web.EndpointLinksResolver      : Exposing 2 endpoints beneath base path '/actuator'
2025-09-24T03:33:39.681-05:00 DEBUG 21132 --- [lumen-api] [restartedMain] o.s.s.web.DefaultSecurityFilterChain     : Will secure any request with filters: DisableEncodeUrlFilter, WebAsyncManagerIntegrationFilter, SecurityContextHolderFilter, HeaderWriterFilter, LogoutFilter, JwtAuthenticationFilter, RequestCacheAwareFilter, SecurityContextHolderAwareRequestFilter, AnonymousAuthenticationFilter, SessionManagementFilter, ExceptionTranslationFilter, AuthorizationFilter
2025-09-24T03:33:40.213-05:00  WARN 21132 --- [lumen-api] [restartedMain] o.s.s.c.a.web.builders.WebSecurity       : You are asking Spring Security to ignore Deferred [Mvc [pattern='/v3/api-docs'], Ant [pattern='/v3/api-docs']]. This is not recommended -- please use permitAll via HttpSecurity#authorizeHttpRequests instead.
2025-09-24T03:33:40.214-05:00 DEBUG 21132 --- [lumen-api] [restartedMain] o.s.s.web.DefaultSecurityFilterChain     : Will not secure Deferred [Mvc [pattern='/v3/api-docs'], Ant [pattern='/v3/api-docs']]
2025-09-24T03:33:40.214-05:00  WARN 21132 --- [lumen-api] [restartedMain] o.s.s.c.a.web.builders.WebSecurity       : You are asking Spring Security to ignore Deferred [Mvc [pattern='/v3/api-docs/**'], Ant [pattern='/v3/api-docs/**']]. This is not recommended -- please use permitAll via HttpSecurity#authorizeHttpRequests instead.
2025-09-24T03:33:40.215-05:00 DEBUG 21132 --- [lumen-api] [restartedMain] o.s.s.web.DefaultSecurityFilterChain     : Will not secure Deferred [Mvc [pattern='/v3/api-docs/**'], Ant [pattern='/v3/api-docs/**']]
2025-09-24T03:33:40.215-05:00  WARN 21132 --- [lumen-api] [restartedMain] o.s.s.c.a.web.builders.WebSecurity       : You are asking Spring Security to ignore Deferred [Mvc [pattern='/v3/api-docs.yaml'], Ant [pattern='/v3/api-docs.yaml']]. This is not recommended -- please use permitAll via HttpSecurity#authorizeHttpRequests instead.
2025-09-24T03:33:40.215-05:00 DEBUG 21132 --- [lumen-api] [restartedMain] o.s.s.web.DefaultSecurityFilterChain     : Will not secure Deferred [Mvc [pattern='/v3/api-docs.yaml'], Ant [pattern='/v3/api-docs.yaml']]
2025-09-24T03:33:40.216-05:00  WARN 21132 --- [lumen-api] [restartedMain] o.s.s.c.a.web.builders.WebSecurity       : You are asking Spring Security to ignore Deferred [Mvc [pattern='/swagger-ui'], Ant [pattern='/swagger-ui']]. This is not recommended -- please use permitAll via HttpSecurity#authorizeHttpRequests instead.
2025-09-24T03:33:40.216-05:00 DEBUG 21132 --- [lumen-api] [restartedMain] o.s.s.web.DefaultSecurityFilterChain     : Will not secure Deferred [Mvc [pattern='/swagger-ui'], Ant [pattern='/swagger-ui']]
2025-09-24T03:33:40.216-05:00  WARN 21132 --- [lumen-api] [restartedMain] o.s.s.c.a.web.builders.WebSecurity       : You are asking Spring Security to ignore Deferred [Mvc [pattern='/swagger-ui/**'], Ant [pattern='/swagger-ui/**']]. This is not recommended -- please use permitAll via HttpSecurity#authorizeHttpRequests instead.
2025-09-24T03:33:40.217-05:00 DEBUG 21132 --- [lumen-api] [restartedMain] o.s.s.web.DefaultSecurityFilterChain     : Will not secure Deferred [Mvc [pattern='/swagger-ui/**'], Ant [pattern='/swagger-ui/**']]
2025-09-24T03:33:40.217-05:00  WARN 21132 --- [lumen-api] [restartedMain] o.s.s.c.a.web.builders.WebSecurity       : You are asking Spring Security to ignore Deferred [Mvc [pattern='/swagger-ui.html'], Ant [pattern='/swagger-ui.html']]. This is not recommended -- please use permitAll via HttpSecurity#authorizeHttpRequests instead.
2025-09-24T03:33:40.217-05:00 DEBUG 21132 --- [lumen-api] [restartedMain] o.s.s.web.DefaultSecurityFilterChain     : Will not secure Deferred [Mvc [pattern='/swagger-ui.html'], Ant [pattern='/swagger-ui.html']]
2025-09-24T03:33:40.218-05:00  WARN 21132 --- [lumen-api] [restartedMain] o.s.s.c.a.web.builders.WebSecurity       : You are asking Spring Security to ignore Deferred [Mvc [pattern='/swagger-ui.html/**'], Ant [pattern='/swagger-ui.html/**']]. This is not recommended -- please use permitAll via HttpSecurity#authorizeHttpRequests instead.
2025-09-24T03:33:40.218-05:00 DEBUG 21132 --- [lumen-api] [restartedMain] o.s.s.web.DefaultSecurityFilterChain     : Will not secure Deferred [Mvc [pattern='/swagger-ui.html/**'], Ant [pattern='/swagger-ui.html/**']]
2025-09-24T03:33:40.218-05:00  WARN 21132 --- [lumen-api] [restartedMain] o.s.s.c.a.web.builders.WebSecurity       : You are asking Spring Security to ignore Deferred [Mvc [pattern='/swagger-ui/index.html'], Ant [pattern='/swagger-ui/index.html']]. This is not recommended -- please use permitAll via HttpSecurity#authorizeHttpRequests instead.
2025-09-24T03:33:40.219-05:00 DEBUG 21132 --- [lumen-api] [restartedMain] o.s.s.web.DefaultSecurityFilterChain     : Will not secure Deferred [Mvc [pattern='/swagger-ui/index.html'], Ant [pattern='/swagger-ui/index.html']]
2025-09-24T03:33:40.219-05:00  WARN 21132 --- [lumen-api] [restartedMain] o.s.s.c.a.web.builders.WebSecurity       : You are asking Spring Security to ignore Deferred [Mvc [pattern='/swagger-ui/index.html/**'], Ant [pattern='/swagger-ui/index.html/**']]. This is not recommended -- please use permitAll via HttpSecurity#authorizeHttpRequests instead.
2025-09-24T03:33:40.220-05:00 DEBUG 21132 --- [lumen-api] [restartedMain] o.s.s.web.DefaultSecurityFilterChain     : Will not secure Deferred [Mvc [pattern='/swagger-ui/index.html/**'], Ant [pattern='/swagger-ui/index.html/**']]
2025-09-24T03:33:40.220-05:00  WARN 21132 --- [lumen-api] [restartedMain] o.s.s.c.a.web.builders.WebSecurity       : You are asking Spring Security to ignore Deferred [Mvc [pattern='/doc'], Ant [pattern='/doc']]. This is not recommended -- please use permitAll via HttpSecurity#authorizeHttpRequests instead.
2025-09-24T03:33:40.220-05:00 DEBUG 21132 --- [lumen-api] [restartedMain] o.s.s.web.DefaultSecurityFilterChain     : Will not secure Deferred [Mvc [pattern='/doc'], Ant [pattern='/doc']]
2025-09-24T03:33:40.220-05:00  WARN 21132 --- [lumen-api] [restartedMain] o.s.s.c.a.web.builders.WebSecurity       : You are asking Spring Security to ignore Deferred [Mvc [pattern='/doc/**'], Ant [pattern='/doc/**']]. This is not recommended -- please use permitAll via HttpSecurity#authorizeHttpRequests instead.
2025-09-24T03:33:40.221-05:00 DEBUG 21132 --- [lumen-api] [restartedMain] o.s.s.web.DefaultSecurityFilterChain     : Will not secure Deferred [Mvc [pattern='/doc/**'], Ant [pattern='/doc/**']]
2025-09-24T03:33:40.221-05:00  WARN 21132 --- [lumen-api] [restartedMain] o.s.s.c.a.web.builders.WebSecurity       : You are asking Spring Security to ignore Deferred [Mvc [pattern='/webjars'], Ant [pattern='/webjars']]. This is not recommended -- please use permitAll via HttpSecurity#authorizeHttpRequests instead.
2025-09-24T03:33:40.222-05:00 DEBUG 21132 --- [lumen-api] [restartedMain] o.s.s.web.DefaultSecurityFilterChain     : Will not secure Deferred [Mvc [pattern='/webjars'], Ant [pattern='/webjars']]
2025-09-24T03:33:40.222-05:00  WARN 21132 --- [lumen-api] [restartedMain] o.s.s.c.a.web.builders.WebSecurity       : You are asking Spring Security to ignore Deferred [Mvc [pattern='/webjars/**'], Ant [pattern='/webjars/**']]. This is not recommended -- please use permitAll via HttpSecurity#authorizeHttpRequests instead.
2025-09-24T03:33:40.222-05:00 DEBUG 21132 --- [lumen-api] [restartedMain] o.s.s.web.DefaultSecurityFilterChain     : Will not secure Deferred [Mvc [pattern='/webjars/**'], Ant [pattern='/webjars/**']]
2025-09-24T03:33:40.534-05:00  INFO 21132 --- [lumen-api] [restartedMain] o.s.b.d.a.OptionalLiveReloadServer       : LiveReload server is running on port 35729
2025-09-24T03:33:40.651-05:00  INFO 21132 --- [lumen-api] [restartedMain] o.s.b.w.embedded.tomcat.TomcatWebServer  : Tomcat started on port 8099 (http) with context path '/'
2025-09-24T03:33:40.682-05:00  INFO 21132 --- [lumen-api] [restartedMain] c.librerialumen.api.LumenApiApplication  : Started LumenApiApplication in 12.211 seconds (process running for 12.905)
2025-09-24T03:34:34.814-05:00  INFO 21132 --- [lumen-api] [SpringApplicationShutdownHook] o.s.b.w.e.tomcat.GracefulShutdown        : Commencing graceful shutdown. Waiting for active requests to complete
2025-09-24T03:34:34.825-05:00  INFO 21132 --- [lumen-api] [tomcat-shutdown] o.s.b.w.e.tomcat.GracefulShutdown        : Graceful shutdown complete
2025-09-24T03:34:34.840-05:00  INFO 21132 --- [lumen-api] [SpringApplicationShutdownHook] j.LocalContainerEntityManagerFactoryBean : Closing JPA EntityManagerFactory for persistence unit 'default'
2025-09-24T03:34:34.844-05:00  INFO 21132 --- [lumen-api] [SpringApplicationShutdownHook] com.zaxxer.hikari.HikariDataSource       : HikariPool-1 - Shutdown initiated...
2025-09-24T03:34:34.860-05:00  INFO 21132 --- [lumen-api] [SpringApplicationShutdownHook] com.zaxxer.hikari.HikariDataSource       : HikariPool-1 - Shutdown completed.
